c:\users\sergey\source\repos\cache_c++\cache_c++\debug\vc142.pdb
c:\users\sergey\source\repos\cache_c++\cache_c++\debug\vc142.idb
c:\users\sergey\source\repos\cache_c++\cache_c++\debug\arc.sbr
c:\users\sergey\source\repos\cache_c++\cache_c++\debug\test.sbr
c:\users\sergey\source\repos\cache_c++\cache_c++\debug\test.obj
c:\users\sergey\source\repos\cache_c++\cache_c++\debug\arc.obj
c:\users\sergey\source\repos\cache_c++\debug\cache_c++.ilk
c:\users\sergey\source\repos\cache_c++\debug\cache_c++.exe
c:\users\sergey\source\repos\cache_c++\debug\cache_c++.pdb
c:\users\sergey\source\repos\cache_c++\cache_c++\debug\firsttest.obj
c:\users\sergey\source\repos\cache_c++\cache_c++\debug\firsttest.sbr
c:\users\sergey\source\repos\cache_c++\debug\cache_c++.bsc
c:\users\sergey\source\repos\cache_c++\cache_c++\debug\cache_c++.tlog\bscmake.command.1.tlog
c:\users\sergey\source\repos\cache_c++\cache_c++\debug\cache_c++.tlog\bscmake.read.1.tlog
c:\users\sergey\source\repos\cache_c++\cache_c++\debug\cache_c++.tlog\cl.command.1.tlog
c:\users\sergey\source\repos\cache_c++\cache_c++\debug\cache_c++.tlog\cl.read.1.tlog
c:\users\sergey\source\repos\cache_c++\cache_c++\debug\cache_c++.tlog\cl.write.1.tlog
c:\users\sergey\source\repos\cache_c++\cache_c++\debug\cache_c++.tlog\link.command.1.tlog
c:\users\sergey\source\repos\cache_c++\cache_c++\debug\cache_c++.tlog\link.read.1.tlog
c:\users\sergey\source\repos\cache_c++\cache_c++\debug\cache_c++.tlog\link.write.1.tlog
